<?xml version="1.0" encoding="UTF-8"?>
<!-- Generated by org.testng.reporters.JUnitXMLReporter -->
<testsuite ignored="0" hostname="LAPTOP-HE3IJ9BH" failures="0" tests="3" name="Test" time="43.103" errors="0" timestamp="2023-06-05T15:38:26 IST">
  <testcase classname="TestDrive.HomePageTest" name="HomePageTest" time="0.018"/>
  <testcase classname="TestDrive.VaccationPageTest" name="VaccationPageTest" time="4.533"/>
  <testcase classname="TestDrive.TicketPageTest" name="TicketPageTest" time="3.295"/>
</testsuite> <!-- Test -->
